This is pdfTeX, Version 3.1415926-2.3-1.40.12 (TeX Live 2011) (format=pdflatex 2011.7.3)  14 SEP 2012 14:33
entering extended mode
 restricted \write18 enabled.
 %&-line parsing enabled.
**versao_preliminar.tex
(./versao_preliminar.tex
LaTeX2e <2009/09/24>
Babel <v3.8l> and hyphenation patterns for english, dumylang, nohyphenation, ge
rman-x-2009-06-19, ngerman-x-2009-06-19, afrikaans, ancientgreek, ibycus, arabi
c, armenian, basque, bulgarian, catalan, pinyin, coptic, croatian, czech, danis
h, dutch, ukenglish, usenglishmax, esperanto, estonian, ethiopic, farsi, finnis
h, french, galician, german, ngerman, swissgerman, monogreek, greek, hungarian,
 icelandic, assamese, bengali, gujarati, hindi, kannada, malayalam, marathi, or
iya, panjabi, tamil, telugu, indonesian, interlingua, irish, italian, kurmanji,
 lao, latin, latvian, lithuanian, mongolian, mongolianlmc, bokmal, nynorsk, pol
ish, portuguese, romanian, russian, sanskrit, serbian, serbianc, slovak, sloven
ian, spanish, swedish, turkish, turkmen, ukrainian, uppersorbian, welsh, loaded
.
(/usr/local/texlive/2011/texmf-dist/tex/latex/base/article.cls
Document Class: article 2007/10/19 v1.4h Standard LaTeX document class
(/usr/local/texlive/2011/texmf-dist/tex/latex/base/size12.clo
File: size12.clo 2007/10/19 v1.4h Standard LaTeX file (size option)
)
\c@part=\count79
\c@section=\count80
\c@subsection=\count81
\c@subsubsection=\count82
\c@paragraph=\count83
\c@subparagraph=\count84
\c@figure=\count85
\c@table=\count86
\abovecaptionskip=\skip41
\belowcaptionskip=\skip42
\bibindent=\dimen102
)
(/usr/local/texlive/2011/texmf-dist/tex/latex/base/latexsym.sty
Package: latexsym 1998/08/17 v2.2e Standard LaTeX package (lasy symbols)
\symlasy=\mathgroup4
LaTeX Font Info:    Overwriting symbol font `lasy' in version `bold'
(Font)                  U/lasy/m/n --> U/lasy/b/n on input line 47.
)
(/usr/local/texlive/2011/texmf-dist/tex/latex/amsfonts/amsfonts.sty
Package: amsfonts 2009/06/22 v3.00 Basic AMSFonts support
\@emptytoks=\toks14
\symAMSa=\mathgroup5
\symAMSb=\mathgroup6
LaTeX Font Info:    Overwriting math alphabet `\mathfrak' in version `bold'
(Font)                  U/euf/m/n --> U/euf/b/n on input line 96.
)
(/usr/local/texlive/2011/texmf-dist/tex/latex/amsmath/amsmath.sty
Package: amsmath 2000/07/18 v2.13 AMS math features
\@mathmargin=\skip43

For additional information on amsmath, use the `?' option.
(/usr/local/texlive/2011/texmf-dist/tex/latex/amsmath/amstext.sty
Package: amstext 2000/06/29 v2.01

(/usr/local/texlive/2011/texmf-dist/tex/latex/amsmath/amsgen.sty
File: amsgen.sty 1999/11/30 v2.0
\@emptytoks=\toks15
\ex@=\dimen103
))
(/usr/local/texlive/2011/texmf-dist/tex/latex/amsmath/amsbsy.sty
Package: amsbsy 1999/11/29 v1.2d
\pmbraise@=\dimen104
)
(/usr/local/texlive/2011/texmf-dist/tex/latex/amsmath/amsopn.sty
Package: amsopn 1999/12/14 v2.01 operator names
)
\inf@bad=\count87
LaTeX Info: Redefining \frac on input line 211.
\uproot@=\count88
\leftroot@=\count89
LaTeX Info: Redefining \overline on input line 307.
\classnum@=\count90
\DOTSCASE@=\count91
LaTeX Info: Redefining \ldots on input line 379.
LaTeX Info: Redefining \dots on input line 382.
LaTeX Info: Redefining \cdots on input line 467.
\Mathstrutbox@=\box26
\strutbox@=\box27
\big@size=\dimen105
LaTeX Font Info:    Redeclaring font encoding OML on input line 567.
LaTeX Font Info:    Redeclaring font encoding OMS on input line 568.
\macc@depth=\count92
\c@MaxMatrixCols=\count93
\dotsspace@=\muskip10
\c@parentequation=\count94
\dspbrk@lvl=\count95
\tag@help=\toks16
\row@=\count96
\column@=\count97
\maxfields@=\count98
\andhelp@=\toks17
\eqnshift@=\dimen106
\alignsep@=\dimen107
\tagshift@=\dimen108
\tagwidth@=\dimen109
\totwidth@=\dimen110
\lineht@=\dimen111
\@envbody=\toks18
\multlinegap=\skip44
\multlinetaggap=\skip45
\mathdisplay@stack=\toks19
LaTeX Info: Redefining \[ on input line 2666.
LaTeX Info: Redefining \] on input line 2667.
)
(/usr/local/texlive/2011/texmf-dist/tex/latex/amsmath/amscd.sty
Package: amscd 1999/11/29 v1.2d
\athelp@=\toks20
\minaw@=\dimen112
\bigaw@=\dimen113
\minCDarrowwidth=\dimen114
)
(/usr/local/texlive/2011/texmf-dist/tex/generic/babel/babel.sty
Package: babel 2008/07/06 v3.8l The Babel package

(/usr/local/texlive/2011/texmf-dist/tex/generic/babel/portuges.ldf
Language: portuges 2008/03/18 v1.2q Portuguese support from the babel system

(/usr/local/texlive/2011/texmf-dist/tex/generic/babel/babel.def
File: babel.def 2008/07/06 v3.8l Babel common definitions
\babel@savecnt=\count99
\U@D=\dimen115
)
\l@brazil = a dialect from \language\l@portuges 
Package babel Info: Making " an active character on input line 145.
))
(/usr/local/texlive/2011/texmf-dist/tex/latex/base/inputenc.sty
Package: inputenc 2008/03/30 v1.1d Input encoding file
\inpenc@prehook=\toks21
\inpenc@posthook=\toks22

(/usr/local/texlive/2011/texmf-dist/tex/latex/base/utf8.def
File: utf8.def 2008/04/05 v1.1m UTF-8 support for inputenc
Now handling font encoding OML ...
... no UTF-8 mapping file for font encoding OML
Now handling font encoding T1 ...
... processing UTF-8 mapping file for font encoding T1

(/usr/local/texlive/2011/texmf-dist/tex/latex/base/t1enc.dfu
File: t1enc.dfu 2008/04/05 v1.1m UTF-8 support for inputenc
   defining Unicode char U+00A1 (decimal 161)
   defining Unicode char U+00A3 (decimal 163)
   defining Unicode char U+00AB (decimal 171)
   defining Unicode char U+00BB (decimal 187)
   defining Unicode char U+00BF (decimal 191)
   defining Unicode char U+00C0 (decimal 192)
   defining Unicode char U+00C1 (decimal 193)
   defining Unicode char U+00C2 (decimal 194)
   defining Unicode char U+00C3 (decimal 195)
   defining Unicode char U+00C4 (decimal 196)
   defining Unicode char U+00C5 (decimal 197)
   defining Unicode char U+00C6 (decimal 198)
   defining Unicode char U+00C7 (decimal 199)
   defining Unicode char U+00C8 (decimal 200)
   defining Unicode char U+00C9 (decimal 201)
   defining Unicode char U+00CA (decimal 202)
   defining Unicode char U+00CB (decimal 203)
   defining Unicode char U+00CC (decimal 204)
   defining Unicode char U+00CD (decimal 205)
   defining Unicode char U+00CE (decimal 206)
   defining Unicode char U+00CF (decimal 207)
   defining Unicode char U+00D0 (decimal 208)
   defining Unicode char U+00D1 (decimal 209)
   defining Unicode char U+00D2 (decimal 210)
   defining Unicode char U+00D3 (decimal 211)
   defining Unicode char U+00D4 (decimal 212)
   defining Unicode char U+00D5 (decimal 213)
   defining Unicode char U+00D6 (decimal 214)
   defining Unicode char U+00D8 (decimal 216)
   defining Unicode char U+00D9 (decimal 217)
   defining Unicode char U+00DA (decimal 218)
   defining Unicode char U+00DB (decimal 219)
   defining Unicode char U+00DC (decimal 220)
   defining Unicode char U+00DD (decimal 221)
   defining Unicode char U+00DE (decimal 222)
   defining Unicode char U+00DF (decimal 223)
   defining Unicode char U+00E0 (decimal 224)
   defining Unicode char U+00E1 (decimal 225)
   defining Unicode char U+00E2 (decimal 226)
   defining Unicode char U+00E3 (decimal 227)
   defining Unicode char U+00E4 (decimal 228)
   defining Unicode char U+00E5 (decimal 229)
   defining Unicode char U+00E6 (decimal 230)
   defining Unicode char U+00E7 (decimal 231)
   defining Unicode char U+00E8 (decimal 232)
   defining Unicode char U+00E9 (decimal 233)
   defining Unicode char U+00EA (decimal 234)
   defining Unicode char U+00EB (decimal 235)
   defining Unicode char U+00EC (decimal 236)
   defining Unicode char U+00ED (decimal 237)
   defining Unicode char U+00EE (decimal 238)
   defining Unicode char U+00EF (decimal 239)
   defining Unicode char U+00F0 (decimal 240)
   defining Unicode char U+00F1 (decimal 241)
   defining Unicode char U+00F2 (decimal 242)
   defining Unicode char U+00F3 (decimal 243)
   defining Unicode char U+00F4 (decimal 244)
   defining Unicode char U+00F5 (decimal 245)
   defining Unicode char U+00F6 (decimal 246)
   defining Unicode char U+00F8 (decimal 248)
   defining Unicode char U+00F9 (decimal 249)
   defining Unicode char U+00FA (decimal 250)
   defining Unicode char U+00FB (decimal 251)
   defining Unicode char U+00FC (decimal 252)
   defining Unicode char U+00FD (decimal 253)
   defining Unicode char U+00FE (decimal 254)
   defining Unicode char U+00FF (decimal 255)
   defining Unicode char U+0102 (decimal 258)
   defining Unicode char U+0103 (decimal 259)
   defining Unicode char U+0104 (decimal 260)
   defining Unicode char U+0105 (decimal 261)
   defining Unicode char U+0106 (decimal 262)
   defining Unicode char U+0107 (decimal 263)
   defining Unicode char U+010C (decimal 268)
   defining Unicode char U+010D (decimal 269)
   defining Unicode char U+010E (decimal 270)
   defining Unicode char U+010F (decimal 271)
   defining Unicode char U+0110 (decimal 272)
   defining Unicode char U+0111 (decimal 273)
   defining Unicode char U+0118 (decimal 280)
   defining Unicode char U+0119 (decimal 281)
   defining Unicode char U+011A (decimal 282)
   defining Unicode char U+011B (decimal 283)
   defining Unicode char U+011E (decimal 286)
   defining Unicode char U+011F (decimal 287)
   defining Unicode char U+0130 (decimal 304)
   defining Unicode char U+0131 (decimal 305)
   defining Unicode char U+0132 (decimal 306)
   defining Unicode char U+0133 (decimal 307)
   defining Unicode char U+0139 (decimal 313)
   defining Unicode char U+013A (decimal 314)
   defining Unicode char U+013D (decimal 317)
   defining Unicode char U+013E (decimal 318)
   defining Unicode char U+0141 (decimal 321)
   defining Unicode char U+0142 (decimal 322)
   defining Unicode char U+0143 (decimal 323)
   defining Unicode char U+0144 (decimal 324)
   defining Unicode char U+0147 (decimal 327)
   defining Unicode char U+0148 (decimal 328)
   defining Unicode char U+014A (decimal 330)
   defining Unicode char U+014B (decimal 331)
   defining Unicode char U+0150 (decimal 336)
   defining Unicode char U+0151 (decimal 337)
   defining Unicode char U+0152 (decimal 338)
   defining Unicode char U+0153 (decimal 339)
   defining Unicode char U+0154 (decimal 340)
   defining Unicode char U+0155 (decimal 341)
   defining Unicode char U+0158 (decimal 344)
   defining Unicode char U+0159 (decimal 345)
   defining Unicode char U+015A (decimal 346)
   defining Unicode char U+015B (decimal 347)
   defining Unicode char U+015E (decimal 350)
   defining Unicode char U+015F (decimal 351)
   defining Unicode char U+0160 (decimal 352)
   defining Unicode char U+0161 (decimal 353)
   defining Unicode char U+0162 (decimal 354)
   defining Unicode char U+0163 (decimal 355)
   defining Unicode char U+0164 (decimal 356)
   defining Unicode char U+0165 (decimal 357)
   defining Unicode char U+016E (decimal 366)
   defining Unicode char U+016F (decimal 367)
   defining Unicode char U+0170 (decimal 368)
   defining Unicode char U+0171 (decimal 369)
   defining Unicode char U+0178 (decimal 376)
   defining Unicode char U+0179 (decimal 377)
   defining Unicode char U+017A (decimal 378)
   defining Unicode char U+017B (decimal 379)
   defining Unicode char U+017C (decimal 380)
   defining Unicode char U+017D (decimal 381)
   defining Unicode char U+017E (decimal 382)
   defining Unicode char U+200C (decimal 8204)
   defining Unicode char U+2013 (decimal 8211)
   defining Unicode char U+2014 (decimal 8212)
   defining Unicode char U+2018 (decimal 8216)
   defining Unicode char U+2019 (decimal 8217)
   defining Unicode char U+201A (decimal 8218)
   defining Unicode char U+201C (decimal 8220)
   defining Unicode char U+201D (decimal 8221)
   defining Unicode char U+201E (decimal 8222)
   defining Unicode char U+2030 (decimal 8240)
   defining Unicode char U+2031 (decimal 8241)
   defining Unicode char U+2039 (decimal 8249)
   defining Unicode char U+203A (decimal 8250)
   defining Unicode char U+2423 (decimal 9251)
)
Now handling font encoding OT1 ...
... processing UTF-8 mapping file for font encoding OT1

(/usr/local/texlive/2011/texmf-dist/tex/latex/base/ot1enc.dfu
File: ot1enc.dfu 2008/04/05 v1.1m UTF-8 support for inputenc
   defining Unicode char U+00A1 (decimal 161)
   defining Unicode char U+00A3 (decimal 163)
   defining Unicode char U+00B8 (decimal 184)
   defining Unicode char U+00BF (decimal 191)
   defining Unicode char U+00C5 (decimal 197)
   defining Unicode char U+00C6 (decimal 198)
   defining Unicode char U+00D8 (decimal 216)
   defining Unicode char U+00DF (decimal 223)
   defining Unicode char U+00E6 (decimal 230)
   defining Unicode char U+00EC (decimal 236)
   defining Unicode char U+00ED (decimal 237)
   defining Unicode char U+00EE (decimal 238)
   defining Unicode char U+00EF (decimal 239)
   defining Unicode char U+00F8 (decimal 248)
   defining Unicode char U+0131 (decimal 305)
   defining Unicode char U+0141 (decimal 321)
   defining Unicode char U+0142 (decimal 322)
   defining Unicode char U+0152 (decimal 338)
   defining Unicode char U+0153 (decimal 339)
   defining Unicode char U+2013 (decimal 8211)
   defining Unicode char U+2014 (decimal 8212)
   defining Unicode char U+2018 (decimal 8216)
   defining Unicode char U+2019 (decimal 8217)
   defining Unicode char U+201C (decimal 8220)
   defining Unicode char U+201D (decimal 8221)
)
Now handling font encoding OMS ...
... processing UTF-8 mapping file for font encoding OMS

(/usr/local/texlive/2011/texmf-dist/tex/latex/base/omsenc.dfu
File: omsenc.dfu 2008/04/05 v1.1m UTF-8 support for inputenc
   defining Unicode char U+00A7 (decimal 167)
   defining Unicode char U+00B6 (decimal 182)
   defining Unicode char U+00B7 (decimal 183)
   defining Unicode char U+2020 (decimal 8224)
   defining Unicode char U+2021 (decimal 8225)
   defining Unicode char U+2022 (decimal 8226)
)
Now handling font encoding OMX ...
... no UTF-8 mapping file for font encoding OMX
Now handling font encoding U ...
... no UTF-8 mapping file for font encoding U
   defining Unicode char U+00A9 (decimal 169)
   defining Unicode char U+00AA (decimal 170)
   defining Unicode char U+00AE (decimal 174)
   defining Unicode char U+00BA (decimal 186)
   defining Unicode char U+02C6 (decimal 710)
   defining Unicode char U+02DC (decimal 732)
   defining Unicode char U+200C (decimal 8204)
   defining Unicode char U+2026 (decimal 8230)
   defining Unicode char U+2122 (decimal 8482)
   defining Unicode char U+2423 (decimal 9251)
))
(/usr/local/texlive/2011/texmf-dist/tex/latex/graphics/graphicx.sty
Package: graphicx 1999/02/16 v1.0f Enhanced LaTeX Graphics (DPC,SPQR)

(/usr/local/texlive/2011/texmf-dist/tex/latex/graphics/keyval.sty
Package: keyval 1999/03/16 v1.13 key=value parser (DPC)
\KV@toks@=\toks23
)
(/usr/local/texlive/2011/texmf-dist/tex/latex/graphics/graphics.sty
Package: graphics 2009/02/05 v1.0o Standard LaTeX Graphics (DPC,SPQR)

(/usr/local/texlive/2011/texmf-dist/tex/latex/graphics/trig.sty
Package: trig 1999/03/16 v1.09 sin cos tan (DPC)
)
(/usr/local/texlive/2011/texmf-dist/tex/latex/latexconfig/graphics.cfg
File: graphics.cfg 2010/04/23 v1.9 graphics configuration of TeX Live
)
Package graphics Info: Driver file: pdftex.def on input line 91.

(/usr/local/texlive/2011/texmf-dist/tex/latex/pdftex-def/pdftex.def
File: pdftex.def 2011/05/27 v0.06d Graphics/color for pdfTeX

(/usr/local/texlive/2011/texmf-dist/tex/generic/oberdiek/infwarerr.sty
Package: infwarerr 2010/04/08 v1.3 Providing info/warning/message (HO)
)
(/usr/local/texlive/2011/texmf-dist/tex/generic/oberdiek/ltxcmds.sty
Package: ltxcmds 2011/04/18 v1.20 LaTeX kernel commands for general use (HO)
)
\Gread@gobject=\count100
))
\Gin@req@height=\dimen116
\Gin@req@width=\dimen117
)
(/usr/local/texlive/2011/texmf-dist/tex/latex/multirow/multirow.sty
\bigstrutjot=\dimen118
)
(./versao_preliminar.aux)
\openout1 = `versao_preliminar.aux'.

LaTeX Font Info:    Checking defaults for OML/cmm/m/it on input line 80.
LaTeX Font Info:    ... okay on input line 80.
LaTeX Font Info:    Checking defaults for T1/cmr/m/n on input line 80.
LaTeX Font Info:    ... okay on input line 80.
LaTeX Font Info:    Checking defaults for OT1/cmr/m/n on input line 80.
LaTeX Font Info:    ... okay on input line 80.
LaTeX Font Info:    Checking defaults for OMS/cmsy/m/n on input line 80.
LaTeX Font Info:    ... okay on input line 80.
LaTeX Font Info:    Checking defaults for OMX/cmex/m/n on input line 80.
LaTeX Font Info:    ... okay on input line 80.
LaTeX Font Info:    Checking defaults for U/cmr/m/n on input line 80.
LaTeX Font Info:    ... okay on input line 80.

(/usr/local/texlive/2011/texmf-dist/tex/context/base/supp-pdf.mkii
[Loading MPS to PDF converter (version 2006.09.02).]
\scratchcounter=\count101
\scratchdimen=\dimen119
\scratchbox=\box28
\nofMPsegments=\count102
\nofMParguments=\count103
\everyMPshowfont=\toks24
\MPscratchCnt=\count104
\MPscratchDim=\dimen120
\MPnumerator=\count105
\makeMPintoPDFobject=\count106
\everyMPtoPDFconversion=\toks25
) (/usr/local/texlive/2011/texmf-dist/tex/generic/oberdiek/pdftexcmds.sty
Package: pdftexcmds 2011/04/22 v0.16 Utilities of pdfTeX for LuaTeX (HO)

(/usr/local/texlive/2011/texmf-dist/tex/generic/oberdiek/ifluatex.sty
Package: ifluatex 2010/03/01 v1.3 Provides the ifluatex switch (HO)
Package ifluatex Info: LuaTeX not detected.
)
(/usr/local/texlive/2011/texmf-dist/tex/generic/oberdiek/ifpdf.sty
Package: ifpdf 2011/01/30 v2.3 Provides the ifpdf switch (HO)
Package ifpdf Info: pdfTeX in PDF mode is detected.
)
Package pdftexcmds Info: LuaTeX not detected.
Package pdftexcmds Info: \pdf@primitive is available.
Package pdftexcmds Info: \pdf@ifprimitive is available.
Package pdftexcmds Info: \pdfdraftmode found.
)
(/usr/local/texlive/2011/texmf-dist/tex/latex/oberdiek/epstopdf-base.sty
Package: epstopdf-base 2010/02/09 v2.5 Base part for package epstopdf

(/usr/local/texlive/2011/texmf-dist/tex/latex/oberdiek/grfext.sty
Package: grfext 2010/08/19 v1.1 Managing graphics extensions (HO)

(/usr/local/texlive/2011/texmf-dist/tex/generic/oberdiek/kvdefinekeys.sty
Package: kvdefinekeys 2011/04/07 v1.3 Defining keys (HO)
))
(/usr/local/texlive/2011/texmf-dist/tex/latex/oberdiek/kvoptions.sty
Package: kvoptions 2010/12/23 v3.10 Keyval support for LaTeX options (HO)

(/usr/local/texlive/2011/texmf-dist/tex/generic/oberdiek/kvsetkeys.sty
Package: kvsetkeys 2011/04/07 v1.13 Key value parser (HO)

(/usr/local/texlive/2011/texmf-dist/tex/generic/oberdiek/etexcmds.sty
Package: etexcmds 2011/02/16 v1.5 Prefix for e-TeX command names (HO)
Package etexcmds Info: Could not find \expanded.
(etexcmds)             That can mean that you are not using pdfTeX 1.50 or
(etexcmds)             that some package has redefined \expanded.
(etexcmds)             In the latter case, load this package earlier.
)))
Package grfext Info: Graphics extension search list:
(grfext)             [.png,.pdf,.jpg,.mps,.jpeg,.jbig2,.jb2,.PNG,.PDF,.JPG,.JPE
G,.JBIG2,.JB2,.eps]
(grfext)             \AppendGraphicsExtensions on input line 452.

(/usr/local/texlive/2011/texmf-dist/tex/latex/latexconfig/epstopdf-sys.cfg
File: epstopdf-sys.cfg 2010/07/13 v1.3 Configuration of (r)epstopdf for TeX Liv
e
))
LaTeX Font Info:    Try loading font information for U+lasy on input line 86.

(/usr/local/texlive/2011/texmf-dist/tex/latex/base/ulasy.fd
File: ulasy.fd 1998/08/17 v2.2e LaTeX symbol font definitions
)
LaTeX Font Info:    Try loading font information for U+msa on input line 86.

(/usr/local/texlive/2011/texmf-dist/tex/latex/amsfonts/umsa.fd
File: umsa.fd 2009/06/22 v3.00 AMS symbols A
)
LaTeX Font Info:    Try loading font information for U+msb on input line 86.

(/usr/local/texlive/2011/texmf-dist/tex/latex/amsfonts/umsb.fd
File: umsb.fd 2009/06/22 v3.00 AMS symbols B
) [1

{/usr/local/texlive/2011/texmf-var/fonts/map/pdftex/updmap/pdftex.map}]
(./versao_preliminar.toc)
\tf@toc=\write3
\openout3 = `versao_preliminar.toc'.

 [2]
Package epstopdf Info: Source file: <fig/planejamento.eps>
(epstopdf)                    date: 2012-09-13 17:28:55
(epstopdf)                    size: 4523 bytes
(epstopdf)             Output file: <fig/planejamento-eps-converted-to.pdf>
(epstopdf)                    date: 2012-09-13 17:28:55
(epstopdf)                    size: 6426 bytes
(epstopdf)             Command: <repstopdf --outfile=fig/planejamento-eps-conve
rted-to.pdf fig/planejamento.eps>
(epstopdf)             \includegraphics on input line 146.
Package epstopdf Info: Output file is already uptodate.

<fig/planejamento-eps-converted-to.pdf, id=14, 399.4925pt x 254.9525pt>
File: fig/planejamento-eps-converted-to.pdf Graphic file (type pdf)

<use fig/planejamento-eps-converted-to.pdf>
Package pdftex.def Info: fig/planejamento-eps-converted-to.pdf used on input li
ne 146.
(pdftex.def)             Requested size: 199.74576pt x 127.47592pt.
 [3]
LaTeX Font Info:    Try loading font information for OMS+cmr on input line 177.


(/usr/local/texlive/2011/texmf-dist/tex/latex/base/omscmr.fd
File: omscmr.fd 1999/05/25 v2.5h Standard LaTeX font definitions
)
LaTeX Font Info:    Font shape `OMS/cmr/m/n' in size <12> not available
(Font)              Font shape `OMS/cmsy/m/n' tried instead on input line 177.
 [4 <./fig/planejamento-eps-converted-to.pdf>] [5]
Package epstopdf Info: Source file: <fig/viagem.eps>
(epstopdf)                    date: 2012-09-13 17:28:55
(epstopdf)                    size: 11289 bytes
(epstopdf)             Output file: <fig/viagem-eps-converted-to.pdf>
(epstopdf)                    date: 2012-09-13 17:28:55
(epstopdf)                    size: 11156 bytes
(epstopdf)             Command: <repstopdf --outfile=fig/viagem-eps-converted-t
o.pdf fig/viagem.eps>
(epstopdf)             \includegraphics on input line 223.
Package epstopdf Info: Output file is already uptodate.

<fig/viagem-eps-converted-to.pdf, id=31, 761.84625pt x 273.02pt>
File: fig/viagem-eps-converted-to.pdf Graphic file (type pdf)

<use fig/viagem-eps-converted-to.pdf>
Package pdftex.def Info: fig/viagem-eps-converted-to.pdf used on input line 223
.
(pdftex.def)             Requested size: 380.9222pt x 136.50966pt.
Package epstopdf Info: Source file: <fig/escala.eps>
(epstopdf)                    date: 2012-09-13 17:28:55
(epstopdf)                    size: 9449 bytes
(epstopdf)             Output file: <fig/escala-eps-converted-to.pdf>
(epstopdf)                    date: 2012-09-13 17:28:55
(epstopdf)                    size: 8018 bytes
(epstopdf)             Command: <repstopdf --outfile=fig/escala-eps-converted-t
o.pdf fig/escala.eps>
(epstopdf)             \includegraphics on input line 236.
Package epstopdf Info: Output file is already uptodate.

<fig/escala-eps-converted-to.pdf, id=32, 695.59875pt x 207.77625pt>
File: fig/escala-eps-converted-to.pdf Graphic file (type pdf)

<use fig/escala-eps-converted-to.pdf>
Package pdftex.def Info: fig/escala-eps-converted-to.pdf used on input line 236
.
(pdftex.def)             Requested size: 347.79852pt x 103.88786pt.
 [6 <./fig/viagem-eps-converted-to.pdf>]
Package epstopdf Info: Source file: <fig/escalonamento.eps>
(epstopdf)                    date: 2012-09-13 18:21:11
(epstopdf)                    size: 11983 bytes
(epstopdf)             Output file: <fig/escalonamento-eps-converted-to.pdf>
(epstopdf)                    date: 2012-09-13 18:22:14
(epstopdf)                    size: 13803 bytes
(epstopdf)             Command: <repstopdf --outfile=fig/escalonamento-eps-conv
erted-to.pdf fig/escalonamento.eps>
(epstopdf)             \includegraphics on input line 274.
Package epstopdf Info: Output file is already uptodate.

<fig/escalonamento-eps-converted-to.pdf, id=44, 553.06625pt x 557.08125pt>
File: fig/escalonamento-eps-converted-to.pdf Graphic file (type pdf)

<use fig/escalonamento-eps-converted-to.pdf>
Package pdftex.def Info: fig/escalonamento-eps-converted-to.pdf used on input l
ine 274.
(pdftex.def)             Requested size: 331.8423pt x 334.25133pt.
 [7 <./fig/escala-eps-converted-to.pdf>] [8 <./fig/escalonamento-eps-converted-
to.pdf>] [9] [10]
Package epstopdf Info: Source file: <fig/pdv.eps>
(epstopdf)                    date: 2012-09-13 18:38:46
(epstopdf)                    size: 9926 bytes
(epstopdf)             Output file: <fig/pdv-eps-converted-to.pdf>
(epstopdf)                    date: 2012-09-13 18:39:09
(epstopdf)                    size: 8812 bytes
(epstopdf)             Command: <repstopdf --outfile=fig/pdv-eps-converted-to.p
df fig/pdv.eps>
(epstopdf)             \includegraphics on input line 388.
Package epstopdf Info: Output file is already uptodate.

<fig/pdv-eps-converted-to.pdf, id=81, 439.6425pt x 363.3575pt>
File: fig/pdv-eps-converted-to.pdf Graphic file (type pdf)

<use fig/pdv-eps-converted-to.pdf>
Package pdftex.def Info: fig/pdv-eps-converted-to.pdf used on input line 388.
(pdftex.def)             Requested size: 219.82071pt x 181.6783pt.
 [11] [12 <./fig/pdv-eps-converted-to.pdf>]
[13] [14] [15]
Package epstopdf Info: Source file: <fig/rede.eps>
(epstopdf)                    date: 2012-09-13 17:28:55
(epstopdf)                    size: 27069 bytes
(epstopdf)             Output file: <fig/rede-eps-converted-to.pdf>
(epstopdf)                    date: 2012-09-13 17:28:55
(epstopdf)                    size: 12245 bytes
(epstopdf)             Command: <repstopdf --outfile=fig/rede-eps-converted-to.
pdf fig/rede.eps>
(epstopdf)             \includegraphics on input line 629.
Package epstopdf Info: Output file is already uptodate.

<fig/rede-eps-converted-to.pdf, id=103, 585.18625pt x 530.98375pt>
File: fig/rede-eps-converted-to.pdf Graphic file (type pdf)

<use fig/rede-eps-converted-to.pdf>
Package pdftex.def Info: fig/rede-eps-converted-to.pdf used on input line 629.
(pdftex.def)             Requested size: 380.36655pt x 345.13533pt.
 [16] [17 <./fig/rede-eps-converted-to.pdf>]
Package epstopdf Info: Source file: <fig/pde.eps>
(epstopdf)                    date: 2012-09-13 19:17:46
(epstopdf)                    size: 10211 bytes
(epstopdf)             Output file: <fig/pde-eps-converted-to.pdf>
(epstopdf)                    date: 2012-09-13 19:18:05
(epstopdf)                    size: 9310 bytes
(epstopdf)             Command: <repstopdf --outfile=fig/pde-eps-converted-to.p
df fig/pde.eps>
(epstopdf)             \includegraphics on input line 652.
Package epstopdf Info: Output file is already uptodate.
<fig/pde-eps-converted-to.pdf, id=115, 439.6425pt x 382.42876pt>
File: fig/pde-eps-converted-to.pdf Graphic file (type pdf)

<use fig/pde-eps-converted-to.pdf>
Package pdftex.def Info: fig/pde-eps-converted-to.pdf used on input line 652.
(pdftex.def)             Requested size: 219.82071pt x 191.2139pt.
 [18 <./fig/pde-eps-converted-to.pdf>]
[19] [20] [21] [22] [23] [24]
Package epstopdf Info: Source file: <fig/number_of_pairings.eps>
(epstopdf)                    date: 2012-09-13 17:28:55
(epstopdf)                    size: 20604 bytes
(epstopdf)             Output file: <fig/number_of_pairings-eps-converted-to.pd
f>
(epstopdf)                    date: 2012-09-13 17:28:55
(epstopdf)                    size: 14085 bytes
(epstopdf)             Command: <repstopdf --outfile=fig/number_of_pairings-eps
-converted-to.pdf fig/number_of_pairings.eps>
(epstopdf)             \includegraphics on input line 1014.
Package epstopdf Info: Output file is already uptodate.

<fig/number_of_pairings-eps-converted-to.pdf, id=145, 516.93124pt x 659.46375pt
>
File: fig/number_of_pairings-eps-converted-to.pdf Graphic file (type pdf)
 <use fig/number_of_pairings-eps-converted-to.pdf>
Package pdftex.def Info: fig/number_of_pairings-eps-converted-to.pdf used on in
put line 1014.
(pdftex.def)             Requested size: 232.6169pt x 296.75594pt.
Package epstopdf Info: Source file: <fig/generation_time.eps>
(epstopdf)                    date: 2012-09-13 17:28:55
(epstopdf)                    size: 27345 bytes
(epstopdf)             Output file: <fig/generation_time-eps-converted-to.pdf>
(epstopdf)                    date: 2012-09-13 17:28:55
(epstopdf)                    size: 15717 bytes
(epstopdf)             Command: <repstopdf --outfile=fig/generation_time-eps-co
nverted-to.pdf fig/generation_time.eps>
(epstopdf)             \includegraphics on input line 1029.
Package epstopdf Info: Output file is already uptodate.

<fig/generation_time-eps-converted-to.pdf, id=146, 516.93124pt x 662.475pt>
File: fig/generation_time-eps-converted-to.pdf Graphic file (type pdf)

<use fig/generation_time-eps-converted-to.pdf>
Package pdftex.def Info: fig/generation_time-eps-converted-to.pdf used on input
 line 1029.
(pdftex.def)             Requested size: 232.6169pt x 298.111pt.
Package epstopdf Info: Source file: <fig/glpk_solution_time.eps>
(epstopdf)                    date: 2012-09-13 17:28:55
(epstopdf)                    size: 17590 bytes
(epstopdf)             Output file: <fig/glpk_solution_time-eps-converted-to.pd
f>
(epstopdf)                    date: 2012-09-13 17:28:55
(epstopdf)                    size: 12719 bytes
(epstopdf)             Command: <repstopdf --outfile=fig/glpk_solution_time-eps
-converted-to.pdf fig/glpk_solution_time.eps>
(epstopdf)             \includegraphics on input line 1044.
Package epstopdf Info: Output file is already uptodate.

<fig/glpk_solution_time-eps-converted-to.pdf, id=147, 516.93124pt x 662.475pt>
File: fig/glpk_solution_time-eps-converted-to.pdf Graphic file (type pdf)

<use fig/glpk_solution_time-eps-converted-to.pdf>
Package pdftex.def Info: fig/glpk_solution_time-eps-converted-to.pdf used on in
put line 1044.
(pdftex.def)             Requested size: 232.6169pt x 298.111pt.
 [25 <./fig/number_of_pairings-eps-converted-to.pdf>]
Package epstopdf Info: Source file: <fig/glpk_solution_time.eps>
(epstopdf)                    date: 2012-09-13 17:28:55
(epstopdf)                    size: 17590 bytes
(epstopdf)             Output file: <fig/glpk_solution_time-eps-converted-to.pd
f>
(epstopdf)                    date: 2012-09-13 17:28:55
(epstopdf)                    size: 12719 bytes
(epstopdf)             Command: <repstopdf --outfile=fig/glpk_solution_time-eps
-converted-to.pdf fig/glpk_solution_time.eps>
(epstopdf)             \includegraphics on input line 1056.
Package epstopdf Info: Output file is already uptodate.
File: fig/glpk_solution_time-eps-converted-to.pdf Graphic file (type pdf)
 <use fig/glpk_solution_time-eps-converted-to.pdf>
Package pdftex.def Info: fig/glpk_solution_time-eps-converted-to.pdf used on in
put line 1056.
(pdftex.def)             Requested size: 232.6169pt x 298.111pt.

[26 <./fig/generation_time-eps-converted-to.pdf>] [27 <./fig/glpk_solution_time
-eps-converted-to.pdf>] [28] [29] [30] [31] (./versao_preliminar.bbl
Underfull \hbox (badness 1005) in paragraph at lines 30--33
[]\OT1/cmr/m/n/12 G. W. Gra-ves, R. D. Mc-Bride, I. Gersh-koff, D. An-der-son, 
and
 []


Underfull \hbox (badness 1939) in paragraph at lines 40--45
[]\OT1/cmr/m/n/12 Mohammed Sad-doune, Guy De-saul-ni-ers, Is-s-mail Elhal-la-ou
i, and
 []

[32]) [33] (./versao_preliminar.aux) ) 
Here is how much of TeX's memory you used:
 2932 strings out of 493633
 39447 string characters out of 3143378
 120265 words of memory out of 3000000
 6142 multiletter control sequences out of 15000+200000
 15221 words of font info for 63 fonts, out of 3000000 for 9000
 831 hyphenation exceptions out of 8191
 37i,17n,24p,689b,305s stack positions out of 5000i,500n,10000p,200000b,50000s
</usr/local/texlive/2011/texmf-dist/fonts
/type1/public/amsfonts/cm/cmbx10.pfb></usr/local/texlive/2011/texmf-dist/fonts/
type1/public/amsfonts/cm/cmbx12.pfb></usr/local/texlive/2011/texmf-dist/fonts/t
ype1/public/amsfonts/cm/cmex10.pfb></usr/local/texlive/2011/texmf-dist/fonts/ty
pe1/public/amsfonts/cm/cmmi12.pfb></usr/local/texlive/2011/texmf-dist/fonts/typ
e1/public/amsfonts/cm/cmmi6.pfb></usr/local/texlive/2011/texmf-dist/fonts/type1
/public/amsfonts/cm/cmmi8.pfb></usr/local/texlive/2011/texmf-dist/fonts/type1/p
ublic/amsfonts/cm/cmr10.pfb></usr/local/texlive/2011/texmf-dist/fonts/type1/pub
lic/amsfonts/cm/cmr12.pfb></usr/local/texlive/2011/texmf-dist/fonts/type1/publi
c/amsfonts/cm/cmr8.pfb></usr/local/texlive/2011/texmf-dist/fonts/type1/public/a
msfonts/cm/cmsy10.pfb></usr/local/texlive/2011/texmf-dist/fonts/type1/public/am
sfonts/cm/cmsy6.pfb></usr/local/texlive/2011/texmf-dist/fonts/type1/public/amsf
onts/cm/cmsy8.pfb></usr/local/texlive/2011/texmf-dist/fonts/type1/public/amsfon
ts/cm/cmti12.pfb></usr/local/texlive/2011/texmf-dist/fonts/type1/public/amsfont
s/cm/cmtt12.pfb>
Output written on versao_preliminar.pdf (33 pages, 306206 bytes).
PDF statistics:
 247 PDF objects out of 1000 (max. 8388607)
 170 compressed objects within 2 object streams
 0 named destinations out of 1000 (max. 500000)
 51 words of extra memory for PDF output out of 10000 (max. 10000000)

